Start testing: Sep 24 16:22 RTZ 2 (зима)
----------------------------------------------------------
Test not available without configuration.  (Missing "-C <config>"?)
1/1 Testing: MyProjectTests
1/1 Test: MyProjectTests
Command: "NOT_AVAILABLE"
Directory: C:/Users/РњРёС€Р°/Desktop/LROOP/lr1/build
"MyProjectTests" start time: 
Output:
----------------------------------------------------------
<end of output>
Test time =   0.00 sec
----------------------------------------------------------
Test Passed.
"MyProjectTests" end time: Sep 24 16:22 RTZ 2 (зима)
"MyProjectTests" time elapsed: 00:00:00
----------------------------------------------------------

End testing: Sep 24 16:22 RTZ 2 (зима)
